\BOOKMARK [0][-]{dummy.1}{\376\377\000A\000b\000s\000t\000r\000a\000c\000t}{}% 1
\BOOKMARK [0][-]{dummy.2}{\376\377\000A\000c\000k\000n\000o\000w\000l\000e\000d\000g\000e\000m\000e\000n\000t\000s}{}% 2
\BOOKMARK [0][-]{dummy.4}{\376\377\000L\000i\000s\000t\000\040\000o\000f\000\040\000F\000i\000g\000u\000r\000e\000s}{}% 3
\BOOKMARK [0][-]{dummy.6}{\376\377\000A\000b\000b\000r\000e\000v\000i\000a\000t\000i\000o\000n\000s}{}% 4
\BOOKMARK [0][-]{chapter.9}{\376\377\0001\000\040\000I\000n\000t\000r\000o\000d\000u\000c\000t\000i\000o\000n}{}% 5
\BOOKMARK [1][-]{section*.13}{}{chapter.9}% 6
\BOOKMARK [1][-]{section.15}{\376\377\0001\000.\0001\000\040\000T\000h\000e\000s\000i\000s}{chapter.9}% 7
\BOOKMARK [2][-]{section*.16}{}{section.15}% 8
\BOOKMARK [3][-]{section*.20}{}{section*.16}% 9
\BOOKMARK [1][-]{section.21}{\376\377\0001\000.\0002\000\040\000E\000f\000f\000i\000c\000i\000e\000n\000t\000\040\000F\000a\000c\000t\000o\000r\000\040\000G\000r\000a\000p\000h\000\040\000F\000u\000s\000i\000o\000n}{chapter.9}% 10
\BOOKMARK [2][-]{section*.22}{}{section.21}% 11
\BOOKMARK [1][-]{section.23}{\376\377\0001\000.\0003\000\040\000M\000u\000l\000t\000i\000-\000r\000o\000b\000o\000t\000\040\000P\000o\000s\000e\000\040\000G\000r\000a\000p\000h\000\040\000I\000n\000i\000t\000i\000a\000l\000i\000z\000a\000t\000i\000o\000n}{chapter.9}% 12
\BOOKMARK [2][-]{section*.24}{}{section.23}% 13
\BOOKMARK [1][-]{section.25}{\376\377\0001\000.\0004\000\040\000M\000u\000l\000t\000i\000-\000r\000o\000b\000o\000t\000\040\000D\000a\000t\000a\000\040\000A\000s\000s\000o\000c\000i\000a\000t\000i\000o\000n}{chapter.9}% 14
\BOOKMARK [2][-]{section*.26}{}{section.25}% 15
\BOOKMARK [1][-]{section.27}{\376\377\0001\000.\0005\000\040\000O\000r\000g\000a\000n\000i\000z\000a\000t\000i\000o\000n}{chapter.9}% 16
\BOOKMARK [0][-]{chapter.28}{\376\377\0002\000\040\000M\000u\000l\000t\000i\000-\000r\000o\000b\000o\000t\000\040\000S\000m\000o\000o\000t\000h\000i\000n\000g\000\040\000a\000n\000d\000\040\000M\000a\000p\000p\000i\000n\000g}{}% 17
\BOOKMARK [1][-]{section*.29}{}{chapter.28}% 18
\BOOKMARK [1][-]{section.30}{\376\377\0002\000.\0001\000\040\000C\000o\000o\000p\000e\000r\000a\000t\000i\000v\000e\000\040\000S\000L\000A\000M\000\040\000a\000s\000\040\000P\000r\000o\000b\000a\000b\000i\000l\000i\000s\000t\000i\000c\000\040\000I\000n\000f\000e\000r\000e\000n\000c\000e}{chapter.28}% 19
\BOOKMARK [2][-]{section*.33}{}{section.30}% 20
\BOOKMARK [2][-]{subsection.39}{\376\377\0002\000.\0001\000.\0001\000\040\000F\000o\000r\000m\000u\000l\000a\000t\000i\000n\000g\000\040\000a\000s\000\040\000O\000p\000t\000i\000m\000i\000z\000a\000t\000i\000o\000n}{section.30}% 21
\BOOKMARK [2][-]{subsection.43}{\376\377\0002\000.\0001\000.\0002\000\040\000O\000p\000t\000i\000m\000i\000z\000a\000t\000i\000o\000n\000\040\000f\000o\000r\000\040\000M\000u\000l\000t\000i\000p\000l\000e\000\040\000r\000o\000b\000o\000t\000s}{section.30}% 22
\BOOKMARK [3][-]{section*.45}{}{subsection.43}% 23
\BOOKMARK [4][-]{section*.46}{}{section*.45}% 24
\BOOKMARK [1][-]{section.48}{\376\377\0002\000.\0002\000\040\000S\000o\000l\000v\000i\000n\000g\000\040\000t\000h\000e\000\040\000M\000u\000l\000t\000i\000-\000r\000o\000b\000o\000t\000\040\000L\000e\000a\000s\000t\000-\000S\000q\000u\000a\000r\000e\000\040\000S\000L\000A\000M}{chapter.28}% 25
\BOOKMARK [2][-]{section*.61}{}{section.48}% 26
\BOOKMARK [2][-]{subsection.65}{\376\377\0002\000.\0002\000.\0001\000\040\000I\000n\000c\000r\000e\000m\000e\000n\000t\000a\000l\000\040\000O\000p\000t\000i\000m\000i\000z\000a\000t\000i\000o\000n}{section.48}% 27
\BOOKMARK [3][-]{subsubsection.71}{\376\377\0002\000.\0002\000.\0001\000.\0001\000\040\000J\000a\000c\000o\000b\000i\000a\000n\000\040\000D\000e\000c\000o\000m\000p\000o\000s\000i\000t\000i\000o\000n}{subsection.65}% 28
\BOOKMARK [1][-]{section.77}{\376\377\0002\000.\0003\000\040\000F\000o\000u\000n\000d\000a\000t\000i\000o\000n\000s\000\040\000o\000f\000\040\000M\000a\000t\000r\000i\000x\000\040\000a\000n\000d\000\040\000G\000r\000a\000p\000h\000s}{chapter.28}% 29
\BOOKMARK [2][-]{subsection.78}{\376\377\0002\000.\0003\000.\0001\000\040\000G\000r\000a\000p\000h\000\040\000T\000h\000e\000o\000r\000y\000\040\000T\000e\000r\000m\000i\000n\000o\000l\000o\000g\000y}{section.77}% 30
\BOOKMARK [3][-]{section*.79}{\376\377\000G\000l\000o\000s\000s\000a\000r\000y\000\040\000o\000f\000\040\000T\000e\000r\000m\000s\000:}{subsection.78}% 31
\BOOKMARK [2][-]{subsection.80}{\376\377\0002\000.\0003\000.\0002\000\040\000F\000a\000c\000t\000o\000r\000\040\000G\000r\000a\000p\000h\000\040\000a\000n\000d\000\040\000B\000a\000y\000e\000s\000\040\000T\000r\000e\000e}{section.77}% 32
\BOOKMARK [3][-]{subsubsection.81}{\376\377\0002\000.\0003\000.\0002\000.\0001\000\040\000F\000a\000c\000t\000o\000r\000\040\000G\000r\000a\000p\000h}{subsection.80}% 33
\BOOKMARK [3][-]{subsubsection.84}{\376\377\0002\000.\0003\000.\0002\000.\0002\000\040\000B\000a\000y\000e\000s\000\040\000N\000e\000t\000w\000o\000r\000k}{subsection.80}% 34
\BOOKMARK [3][-]{subsubsection.85}{\376\377\0002\000.\0003\000.\0002\000.\0003\000\040\000B\000a\000y\000e\000s\000\040\000T\000r\000e\000e}{subsection.80}% 35
\BOOKMARK [2][-]{subsection.86}{\376\377\0002\000.\0003\000.\0003\000\040\000M\000a\000t\000r\000i\000x\000\040\000v\000s\000.\000\040\000G\000r\000a\000p\000h}{section.77}% 36
\BOOKMARK [3][-]{subsubsection.87}{\376\377\0002\000.\0003\000.\0003\000.\0001\000\040\000J\000a\000c\000o\000b\000i\000a\000n\000\040\000v\000s\000.\000\040\000F\000a\000c\000t\000o\000r\000\040\000G\000r\000a\000p\000h}{subsection.86}% 37
\BOOKMARK [3][-]{subsubsection.91}{\376\377\0002\000.\0003\000.\0003\000.\0002\000\040\000S\000q\000u\000a\000r\000e\000-\000r\000o\000o\000t\000\040\000I\000n\000f\000o\000r\000m\000a\000t\000i\000o\000n\000\040\000v\000s\000.\000\040\000B\000a\000y\000e\000s\000\040\000N\000e\000t\000w\000o\000r\000k}{subsection.86}% 38
\BOOKMARK [3][-]{subsubsection.92}{\376\377\0002\000.\0003\000.\0003\000.\0003\000\040\000S\000q\000u\000a\000r\000e\000-\000r\000o\000o\000t\000\040\000I\000n\000f\000o\000r\000m\000a\000t\000i\000o\000n\000\040\000v\000s\000.\000\040\000B\000a\000y\000e\000s\000\040\000T\000r\000e\000e}{subsection.86}% 39
\BOOKMARK [2][-]{subsection.93}{\376\377\0002\000.\0003\000.\0004\000\040\000F\000a\000c\000t\000o\000r\000\040\000G\000r\000a\000p\000h\000\040\000\040\000B\000a\000y\000e\000s\000\040\000N\000e\000t\000w\000o\000r\000k\000\040\000\040\000B\000a\000y\000e\000s\000\040\000T\000r\000e\000e}{section.77}% 40
\BOOKMARK [1][-]{section.96}{\376\377\0002\000.\0004\000\040\000V\000a\000r\000i\000a\000b\000l\000e\000\040\000R\000e\000o\000r\000d\000e\000r\000i\000n\000g}{chapter.28}% 41
\BOOKMARK [2][-]{subsection.97}{\376\377\0002\000.\0004\000.\0001\000\040\000V\000a\000r\000i\000a\000b\000l\000e\000\040\000O\000r\000d\000e\000r\000i\000n\000g\000\040\000f\000o\000r\000\040\000Q\000R\000\040\000F\000a\000c\000t\000o\000r\000i\000z\000a\000t\000i\000o\000n}{section.96}% 42
\BOOKMARK [3][-]{section*.103}{}{subsection.97}% 43
\BOOKMARK [4][-]{section*.106}{}{section*.103}% 44
\BOOKMARK [0][-]{chapter.109}{\376\377\0003\000\040\000E\000f\000f\000i\000c\000i\000e\000n\000t\000\040\000F\000a\000c\000t\000o\000r\000\040\000G\000r\000a\000p\000h\000\040\000F\000u\000s\000i\000o\000n}{}% 45
\BOOKMARK [1][-]{section*.110}{}{chapter.109}% 46
\BOOKMARK [1][-]{section.111}{\376\377\0003\000.\0001\000\040\000R\000e\000l\000a\000t\000e\000d\000\040\000W\000o\000r\000k}{chapter.109}% 47
\BOOKMARK [2][-]{section*.112}{}{section.111}% 48
\BOOKMARK [3][-]{section*.113}{}{section*.112}% 49
\BOOKMARK [1][-]{section.114}{\376\377\0003\000.\0002\000\040\000B\000a\000y\000e\000s\000\040\000T\000r\000e\000e\000\040\000f\000o\000r\000\040\000V\000a\000r\000i\000a\000b\000l\000e\000\040\000O\000r\000d\000e\000r\000i\000n\000g}{chapter.109}% 50
\BOOKMARK [2][-]{section*.117}{}{section.114}% 51
\BOOKMARK [3][-]{section*.118}{}{section*.117}% 52
\BOOKMARK [4][-]{section*.119}{}{section*.118}% 53
\BOOKMARK [4][-]{section*.121}{}{section*.118}% 54
\BOOKMARK [2][-]{subsection.122}{\376\377\0003\000.\0002\000.\0001\000\040\000M\000u\000l\000t\000i\000-\000r\000o\000b\000o\000t\000\040\000P\000o\000s\000e\000\040\000G\000r\000a\000p\000h\000\040\000F\000u\000s\000i\000o\000n}{section.114}% 55
\BOOKMARK [3][-]{section*.123}{}{subsection.122}% 56
\BOOKMARK [4][-]{section*.125}{}{section*.123}% 57
\BOOKMARK [1][-]{section.126}{\376\377\0003\000.\0003\000\040\000F\000o\000r\000m\000a\000l\000\040\000V\000e\000r\000i\000f\000i\000c\000a\000t\000i\000o\000n}{chapter.109}% 58
\BOOKMARK [1][-]{section.131}{\376\377\0003\000.\0004\000\040\000O\000r\000d\000e\000r\000i\000n\000g\000\040\000t\000h\000e\000\040\000F\000u\000s\000e\000d\000\040\000G\000r\000a\000p\000h}{chapter.109}% 59
\BOOKMARK [2][-]{subsection.132}{\376\377\0003\000.\0004\000.\0001\000\040\000F\000u\000s\000i\000o\000n\000\040\000O\000r\000d\000e\000r\000i\000n\000g}{section.131}% 60
\BOOKMARK [3][-]{section*.133}{}{subsection.132}% 61
\BOOKMARK [2][-]{subsection.138}{\376\377\0003\000.\0004\000.\0002\000\040\000R\000e\000l\000a\000t\000i\000o\000n\000\040\000w\000i\000t\000h\000\040\000N\000e\000s\000t\000e\000d\000\040\000D\000i\000s\000s\000e\000c\000t\000i\000o\000n}{section.131}% 62
\BOOKMARK [3][-]{section*.139}{}{subsection.138}% 63
\BOOKMARK [2][-]{subsection.140}{\376\377\0003\000.\0004\000.\0003\000\040\000N\000u\000m\000e\000r\000i\000c\000a\000l\000\040\000S\000t\000a\000b\000i\000l\000i\000z\000a\000t\000i\000o\000n}{section.131}% 64
\BOOKMARK [3][-]{section*.141}{}{subsection.140}% 65
\BOOKMARK [4][-]{section*.142}{}{section*.141}% 66
\BOOKMARK [4][-]{section*.143}{}{section*.141}% 67
\BOOKMARK [4][-]{section*.144}{}{section*.141}% 68
\BOOKMARK [1][-]{section.145}{\376\377\0003\000.\0005\000\040\000E\000x\000p\000e\000r\000i\000m\000e\000n\000t\000a\000l\000\040\000R\000e\000s\000u\000l\000t\000s}{chapter.109}% 69
\BOOKMARK [2][-]{section*.148}{}{section.145}% 70
\BOOKMARK [0][-]{chapter.151}{\376\377\0004\000\040\000M\000u\000l\000t\000i\000-\000r\000o\000b\000o\000t\000\040\000R\000e\000l\000a\000t\000i\000v\000e\000\040\000P\000o\000s\000e\000\040\000I\000n\000i\000t\000i\000a\000l\000i\000z\000a\000t\000i\000o\000n}{}% 71
\BOOKMARK [0][-]{chapter.152}{\376\377\0005\000\040\000I\000m\000p\000r\000o\000v\000e\000d\000\040\000V\000i\000o\000l\000a\000-\000J\000o\000n\000e\000s\000\040\000O\000b\000j\000e\000c\000t\000\040\000D\000e\000t\000e\000c\000t\000i\000o\000n\000\040\000f\000o\000r\000\040\000L\000a\000n\000d\000m\000a\000r\000k\000\040\000E\000x\000t\000r\000a\000c\000t\000i\000o\000n}{}% 72
\BOOKMARK [1][-]{section*.153}{}{chapter.152}% 73
\BOOKMARK [1][-]{section.154}{\376\377\0005\000.\0001\000\040\000R\000e\000l\000a\000t\000e\000d\000\040\000W\000o\000r\000k}{chapter.152}% 74
\BOOKMARK [1][-]{section.155}{\376\377\0005\000.\0002\000\040\000T\000h\000e\000o\000r\000e\000t\000i\000c\000a\000l\000\040\000R\000e\000s\000u\000l\000t\000s}{chapter.152}% 75
\BOOKMARK [2][-]{section*.156}{}{section.155}% 76
\BOOKMARK [2][-]{subsection.157}{\376\377\0005\000.\0002\000.\0001\000\040\000S\000e\000a\000r\000c\000h\000\040\000w\000i\000n\000d\000o\000w\000\040\000s\000i\000z\000e\000\040\000a\000n\000d\000\040\000s\000c\000a\000l\000e\000\040\000f\000a\000c\000t\000o\000r}{section.155}% 77
\BOOKMARK [3][-]{section*.160}{}{subsection.157}% 78
\BOOKMARK [4][-]{section*.161}{}{section*.160}% 79
\BOOKMARK [4][-]{section*.164}{}{section*.160}% 80
\BOOKMARK [4][-]{section*.167}{}{section*.160}% 81
\BOOKMARK [4][-]{section*.171}{}{section*.160}% 82
\BOOKMARK [2][-]{subsection.172}{\376\377\0005\000.\0002\000.\0002\000\040\000M\000i\000n\000i\000m\000u\000m\000\040\000n\000u\000m\000b\000e\000r\000\040\000o\000f\000\040\000n\000e\000i\000g\000h\000b\000o\000r\000s}{section.155}% 83
\BOOKMARK [3][-]{section*.173}{}{subsection.172}% 84
\BOOKMARK [4][-]{section*.174}{}{section*.173}% 85
\BOOKMARK [4][-]{section*.175}{}{section*.173}% 86
\BOOKMARK [2][-]{subsection.176}{\376\377\0005\000.\0002\000.\0003\000\040\000D\000e\000p\000t\000h\000\040\000o\000f\000\040\000t\000h\000e\000\040\000d\000e\000c\000i\000s\000i\000o\000n\000\040\000t\000r\000e\000e\000\040\000a\000n\000d\000\040\000t\000a\000r\000g\000e\000t\000\040\000i\000m\000a\000g\000e\000\040\000r\000e\000s\000o\000l\000u\000t\000i\000o\000n}{section.155}% 87
\BOOKMARK [3][-]{section*.177}{}{subsection.176}% 88
\BOOKMARK [1][-]{section.180}{\376\377\0005\000.\0003\000\040\000E\000x\000p\000e\000r\000i\000m\000e\000n\000t\000s\000\040\000r\000u\000n}{chapter.152}% 89
\BOOKMARK [2][-]{section*.181}{}{section.180}% 90
\BOOKMARK [3][-]{section*.184}{}{section*.181}% 91
\BOOKMARK [4][-]{section*.185}{}{section*.184}% 92
\BOOKMARK [0][-]{chapter.187}{\376\377\0006\000\040\000E\000x\000p\000e\000r\000i\000m\000e\000n\000t\000s\000\040\000a\000n\000d\000\040\000C\000o\000n\000c\000l\000u\000s\000i\000o\000n\000s}{}% 93
\BOOKMARK [1][-]{section.188}{\376\377\0006\000.\0001\000\040\000A\000P\000\040\000H\000i\000l\000l\000\040\000M\000u\000l\000t\000i\000-\000r\000o\000b\000o\000t\000\040\000D\000a\000t\000a\000s\000e\000t}{chapter.187}% 94
\BOOKMARK [2][-]{subsection.189}{\376\377\0006\000.\0001\000.\0001\000\040\000T\000u\000n\000i\000n\000g\000\040\000t\000h\000e\000\040\000S\000e\000n\000s\000o\000r\000\040\000M\000o\000d\000e\000l\000s\000\040\000a\000n\000d\000\040\000G\000T\000S\000A\000M\000\040\000O\000p\000t\000i\000m\000i\000z\000e\000r}{section.188}% 95
\BOOKMARK [3][-]{section*.190}{}{subsection.189}% 96
\BOOKMARK [0][-]{appendix.192}{\376\377\000A\000\040\000S\000e\000n\000s\000o\000r\000\040\000M\000o\000d\000e\000l\000s}{}% 97
\BOOKMARK [1][-]{section.193}{\376\377\000A\000.\0001\000\040\000V\000e\000l\000o\000c\000i\000t\000y\000\040\000M\000o\000t\000i\000o\000n\000\040\000M\000o\000d\000e\000l}{appendix.192}% 98
\BOOKMARK [1][-]{section.196}{\376\377\000A\000.\0002\000\040\000I\000t\000e\000r\000a\000t\000i\000v\000e\000\040\000C\000l\000o\000s\000e\000s\000t\000\040\000P\000o\000i\000n\000t\000\040\000b\000a\000s\000e\000d\000\040\000S\000c\000a\000n\000\040\000M\000a\000t\000c\000h\000i\000n\000g}{appendix.192}% 99
\BOOKMARK [2][-]{section*.200}{}{section.196}% 100
